TN:
SF:script/Deploy.s.sol
DA:11,0
FN:11,Deploy.run
FNDA:0,Deploy.run
DA:12,0
DA:13,0
DA:15,0
DA:18,0
DA:19,0
DA:22,0
DA:23,0
DA:24,0
DA:26,0
DA:32,0
DA:35,0
DA:36,0
DA:39,0
DA:43,0
DA:46,0
DA:49,0
DA:50,0
DA:51,0
DA:52,0
DA:53,0
DA:54,0
DA:57,0
DA:58,0
DA:59,0
DA:62,0
DA:63,0
DA:69,0
DA:71,0
DA:72,0
DA:73,0
DA:74,0
DA:75,0
DA:76,0
DA:77,0
DA:78,0
FNF:1
FNH:0
LF:36
LH:0
BRF:0
BRH:0
end_of_record
TN:
SF:src/ValidatorFactory.sol
DA:56,5108
FN:56,ValidatorFactory.onlyValidator
FNDA:5108,ValidatorFactory.onlyValidator
DA:57,5108
BRDA:57,0,0,4098
DA:61,71
FN:61,ValidatorFactory.constructor
FNDA:71,ValidatorFactory.constructor
DA:62,71
DA:63,71
DA:64,71
DA:65,71
DA:66,71
DA:67,71
DA:73,7208
FN:73,ValidatorFactory.stake
FNDA:7208,ValidatorFactory.stake
DA:74,7208
BRDA:74,1,0,289
DA:75,289
DA:77,2
BRDA:77,2,0,2
DA:78,2
DA:80,6917
BRDA:80,3,0,1
DA:81,1
DA:85,6916
DA:87,6916
DA:90,3180
DA:96,3180
DA:97,3180
DA:102,0
DA:103,0
BRDA:103,4,0,-
DA:105,3180
DA:106,3180
DA:107,3180
DA:108,3180
DA:114,1010
FN:114,ValidatorFactory.unstake
FNDA:1010,ValidatorFactory.unstake
DA:115,1010
DA:116,1010
DA:118,1010
BRDA:118,5,0,1
DA:119,1
DA:122,1009
BRDA:122,6,0,1006
DA:123,1006
DA:126,1009
DA:127,1009
BRDA:127,7,0,1009
DA:128,1009
DA:131,1009
DA:132,1009
BRDA:132,8,0,1006
DA:133,1006
DA:134,1006
DA:135,1006
DA:145,24
FN:145,ValidatorFactory.getTopNValidators
FNDA:24,ValidatorFactory.getTopNValidators
DA:146,24
DA:147,24
BRDA:147,9,0,-
DA:148,0
DA:151,24
DA:154,24
DA:155,24
DA:158,24
DA:159,118
DA:160,118
DA:164,24
DA:165,94
DA:166,233
BRDA:166,10,0,2
DA:168,2
DA:169,2
DA:170,2
DA:173,2
DA:174,2
DA:175,2
DA:181,24
DA:182,24
DA:184,24
DA:185,117
DA:186,117
DA:194,2
FN:194,ValidatorFactory.getAllValidators
FNDA:2,ValidatorFactory.getAllValidators
DA:195,2
DA:202,26
FN:202,ValidatorFactory.getValidatorCount
FNDA:26,ValidatorFactory.getValidatorCount
DA:203,26
DA:211,21
FN:211,ValidatorFactory.isActiveValidator
FNDA:21,ValidatorFactory.isActiveValidator
DA:212,21
DA:220,122
FN:220,ValidatorFactory.getValidatorStake
FNDA:122,ValidatorFactory.getValidatorStake
DA:221,122
DA:222,121
DA:223,121
DA:231,4
FN:231,ValidatorFactory.canUnstake
FNDA:4,ValidatorFactory.canUnstake
DA:232,4
DA:233,3
DA:234,3
DA:235,3
DA:244,6919
FN:244,ValidatorFactory.computeProxyAddress
FNDA:6919,ValidatorFactory.computeProxyAddress
DA:245,6919
DA:251,6919
DA:252,6919
DA:256,6919
DA:264,6919
DA:273,3982
FN:273,ValidatorFactory.slashValidator
FNDA:3982,ValidatorFactory.slashValidator
DA:276,3982
BRDA:276,13,0,-
BRDA:276,13,1,-
DA:278,2
DA:279,2
BRDA:279,14,0,-
BRDA:279,14,1,-
DA:281,2
DA:282,2
DA:283,2
BRDA:283,15,0,-
BRDA:283,15,1,-
DA:286,2
DA:288,2
DA:291,2
DA:292,2
BRDA:292,16,0,2
DA:293,2
DA:294,2
DA:295,2
DA:307,0
FN:307,ValidatorFactory._registerValidator
FNDA:0,ValidatorFactory._registerValidator
DA:308,0
DA:314,0
DA:315,0
DA:320,0
DA:321,0
DA:324,0
DA:325,0
BRDA:325,17,0,-
DA:328,0
DA:329,0
DA:330,0
DA:337,1008
FN:337,ValidatorFactory._removeValidatorFromArray
FNDA:1008,ValidatorFactory._removeValidatorFromArray
DA:338,1008
DA:339,1009
BRDA:339,18,0,1008
DA:340,1008
DA:341,1008
DA:342,0
FNF:14
FNH:13
LF:118
LH:103
BRF:20
BRH:11
end_of_record
TN:
SF:src/ValidatorLogic.sol
DA:53,0
FN:53,ValidatorLogic.onlyOwner
FNDA:0,ValidatorLogic.onlyOwner
DA:54,0
BRDA:54,0,0,-
DA:55,0
DA:60,4868
FN:60,ValidatorLogic.onlyFactory
FNDA:4868,ValidatorLogic.onlyFactory
DA:61,4868
BRDA:61,1,0,3857
DA:62,3857
DA:74,7276
FN:74,ValidatorLogic.initialize
FNDA:7276,ValidatorLogic.initialize
DA:75,7276
BRDA:75,2,0,6
DA:76,6
DA:78,7270
BRDA:78,3,0,2
DA:79,2
DA:81,7268
BRDA:81,4,0,-
DA:82,0
DA:85,3184
DA:86,3184
DA:87,3184
DA:88,3184
DA:89,3184
DA:90,3184
DA:93,3184
DA:95,3184
DA:104,0
FN:104,ValidatorLogic.stake
FNDA:0,ValidatorLogic.stake
DA:105,0
BRDA:105,5,0,-
DA:106,0
BRDA:106,6,0,-
DA:109,0
DA:111,0
DA:112,0
DA:114,0
DA:116,0
DA:117,0
DA:126,1011
FN:126,ValidatorLogic.unstake
FNDA:1011,ValidatorLogic.unstake
DA:127,1011
DA:128,1011
DA:129,1011
DA:130,1011
BRDA:130,7,0,-
DA:132,1011
DA:134,1011
DA:136,1011
DA:138,0
DA:144,11415
FN:144,ValidatorLogic._validatorPositionsLengthSlot
FNDA:11415,ValidatorLogic._validatorPositionsLengthSlot
DA:145,11415
DA:147,5201
FN:147,ValidatorLogic._validatorPositionSlot
FNDA:5201,ValidatorLogic._validatorPositionSlot
DA:148,5201
DA:150,7225
FN:150,ValidatorLogic.getValidatorPositionsLength
FNDA:7225,ValidatorLogic.getValidatorPositionsLength
DA:151,7225
DA:153,1011
FN:153,ValidatorLogic.getValidatorPosition
FNDA:1011,ValidatorLogic.getValidatorPosition
DA:154,1011
BRDA:154,8,0,1011
DA:155,1011
DA:157,0
DA:159,3184
FN:159,ValidatorLogic.pushValidatorPosition
FNDA:3184,ValidatorLogic.pushValidatorPosition
DA:160,3184
DA:161,3184
DA:162,3184
DA:164,0
FN:164,ValidatorLogic.setValidatorPosition
FNDA:0,ValidatorLogic.setValidatorPosition
DA:165,0
BRDA:165,9,0,-
BRDA:165,9,1,-
DA:166,0
DA:168,1006
FN:168,ValidatorLogic.deleteValidatorPosition
FNDA:1006,ValidatorLogic.deleteValidatorPosition
DA:169,1006
DA:170,1006
BRDA:170,10,0,1006
DA:171,1006
BRDA:171,11,0,-
DA:173,0
DA:174,0
DA:177,1006
DA:179,1006
DA:188,4195
FN:188,ValidatorLogic.setStakingPosition
FNDA:4195,ValidatorLogic.setStakingPosition
DA:189,4195
DA:192,0
DA:193,0
DA:194,0
DA:195,0
DA:196,0
DA:197,0
DA:205,3184
FN:205,ValidatorLogic.setTotalPositions
FNDA:3184,ValidatorLogic.setTotalPositions
DA:206,3184
DA:214,1011
FN:214,ValidatorLogic.getStakingPosition
FNDA:1011,ValidatorLogic.getStakingPosition
DA:215,1011
DA:218,1011
DA:219,1011
DA:220,1011
DA:221,1011
DA:222,1011
DA:223,1011
DA:224,1011
DA:231,3184
FN:231,ValidatorLogic.getTotalPositions
FNDA:3184,ValidatorLogic.getTotalPositions
DA:232,3184
DA:239,4
FN:239,ValidatorLogic.getBondingBlock
FNDA:4,ValidatorLogic.getBondingBlock
DA:240,4
DA:250,0
FN:250,ValidatorLogic.getValidatorInfo
FNDA:0,ValidatorLogic.getValidatorInfo
DA:256,0
DA:257,0
DA:258,0
DA:259,0
DA:266,3035
FN:266,ValidatorLogic.getValidatorOwner
FNDA:3035,ValidatorLogic.getValidatorOwner
DA:267,3035
DA:274,3151
FN:274,ValidatorLogic.getStakeAmount
FNDA:3151,ValidatorLogic.getStakeAmount
DA:275,3151
DA:282,1
FN:282,ValidatorLogic.isActive
FNDA:1,ValidatorLogic.isActive
DA:283,1
DA:295,3184
FN:295,ValidatorLogic._createStakingPosition
FNDA:3184,ValidatorLogic._createStakingPosition
DA:296,3184
DA:297,3184
DA:298,3184
DA:300,3184
DA:309,3184
DA:310,3184
DA:311,3184
DA:312,3184
DA:313,0
DA:323,1011
FN:323,ValidatorLogic._unstake
FNDA:1011,ValidatorLogic._unstake
DA:324,1011
DA:325,1011
DA:326,1011
DA:327,1011
DA:330,2022
DA:331,1011
DA:332,1011
DA:333,1011
DA:334,1011
BRDA:334,12,0,-
DA:335,0
DA:336,0
DA:338,1011
DA:339,1011
DA:340,1011
BRDA:340,13,0,-
DA:342,0
DA:343,0
DA:344,0
DA:347,1011
DA:348,1011
DA:349,1011
DA:350,1011
DA:351,1011
DA:352,1011
DA:353,1011
DA:355,1011
BRDA:355,14,0,1006
BRDA:355,14,1,5
DA:356,1006
DA:357,1006
DA:358,1006
DA:360,5
DA:361,5
DA:362,5
DA:365,1011
DA:366,1011
DA:369,0
DA:375,1006
FN:375,ValidatorLogic._deleteStakingPosition
FNDA:1006,ValidatorLogic._deleteStakingPosition
DA:376,1006
DA:382,0
FN:382,ValidatorLogic._deleteValidatorPosition
FNDA:0,ValidatorLogic._deleteValidatorPosition
DA:383,0
FNF:25
FNH:20
LF:147
LH:107
BRF:17
BRH:7
end_of_record
TN:
SF:src/oracles/MockLLMOracle.sol
DA:24,0
FN:24,MockLLMOracle.onlyOwner
FNDA:0,MockLLMOracle.onlyOwner
DA:25,0
BRDA:25,0,0,-
BRDA:25,0,1,-
DA:29,28
FN:29,MockLLMOracle.constructor
FNDA:28,MockLLMOracle.constructor
DA:30,28
DA:31,28
DA:39,24
FN:39,MockLLMOracle.validateTransaction
FNDA:24,MockLLMOracle.validateTransaction
DA:40,24
BRDA:40,1,0,-
BRDA:40,1,1,-
DA:41,24
BRDA:41,2,0,-
BRDA:41,2,1,-
DA:44,24
DA:47,24
DA:49,24
DA:57,0
FN:57,MockLLMOracle.validateTransactionWithEvent
FNDA:0,MockLLMOracle.validateTransactionWithEvent
DA:58,0
BRDA:58,3,0,-
BRDA:58,3,1,-
DA:59,0
BRDA:59,4,0,-
BRDA:59,4,1,-
DA:61,0
DA:62,0
DA:65,0
DA:66,0
BRDA:66,5,0,-
BRDA:66,5,1,-
DA:67,0
DA:69,0
DA:72,0
DA:74,0
DA:81,1
FN:81,MockLLMOracle.getOracleType
FNDA:1,MockLLMOracle.getOracleType
DA:82,1
DA:89,0
FN:89,MockLLMOracle.setValidationEnabled
FNDA:0,MockLLMOracle.setValidationEnabled
DA:90,0
DA:97,0
FN:97,MockLLMOracle.transferOwnership
FNDA:0,MockLLMOracle.transferOwnership
DA:98,0
BRDA:98,6,0,-
BRDA:98,6,1,-
DA:99,0
DA:107,0
FN:107,MockLLMOracle.batchValidate
FNDA:0,MockLLMOracle.batchValidate
DA:108,0
BRDA:108,7,0,-
BRDA:108,7,1,-
DA:109,0
DA:111,0
DA:112,0
BRDA:112,8,0,-
BRDA:112,8,1,-
DA:113,0
DA:114,0
DA:116,0
FNF:8
FNH:3
LF:37
LH:11
BRF:18
BRH:0
end_of_record
TN:
SF:test/mock/ERC20TokenMock.sol
DA:12,71
FN:12,ERC20TokenMock.constructor
FNDA:71,ERC20TokenMock.constructor
DA:14,71
DA:22,337
FN:22,ERC20TokenMock.mint
FNDA:337,ERC20TokenMock.mint
DA:23,337
FNF:2
FNH:2
LF:4
LH:4
BRF:0
BRH:0
end_of_record
